{
  "RSpec": {
    "coverage": {
      "/Users/edilene/1611/module_3/projects/api-curious-github/spec/features/commits_spec.rb": [
        1,
        null,
        1,
        1,
        1,
        1,
        null,
        1,
        null,
        null,
        1,
        1,
        null,
        1,
        null,
        1,
        null,
        null,
        null,
        null
      ],
      "/Users/edilene/1611/module_3/projects/api-curious-github/spec/rails_helper.rb": [
        null,
        1,
        1,
        null,
        1,
        1,
        1,
        null,
        1,
        1,
        null,
        1,
        1,
        1,
        null,
        null,
        null,
        null,
        null,
        null,
        null,
        null,
        null,
        null,
        null,
        null,
        null,
        null,
        null,
        null,
        null,
        null,
        1,
        null,
        1,
        null,
        1,
        null,
        null,
        null,
        null,
        1,
        null,
        null,
        null,
        null,
        null,
        null,
        null,
        null,
        null,
        null,
        null,
        null,
        null,
        null,
        1,
        null,
        null,
        1,
        null,
        null,
        null
      ],
      "/Users/edilene/1611/module_3/projects/api-curious-github/config/environment.rb": [
        null,
        1,
        null,
        null,
        1
      ],
      "/Users/edilene/1611/module_3/projects/api-curious-github/config/application.rb": [
        1,
        null,
        1,
        null,
        1,
        1,
        1,
        1,
        1,
        1,
        1,
        1,
        null,
        null,
        null,
        null,
        1,
        null,
        1,
        1,
        null,
        null,
        null,
        null,
        null
      ],
      "/Users/edilene/1611/module_3/projects/api-curious-github/config/boot.rb": [
        1,
        null,
        1
      ],
      "/Users/edilene/1611/module_3/projects/api-curious-github/config/environments/test.rb": [
        1,
        null,
        null,
        null,
        null,
        null,
        null,
        1,
        null,
        null,
        null,
        null,
        1,
        null,
        null,
        1,
        1,
        null,
        null,
        null,
        null,
        1,
        1,
        null,
        null,
        1,
        null,
        null,
        1,
        1,
        null,
        null,
        null,
        null,
        1,
        null,
        null,
        1,
        null,
        null,
        null,
        null
      ],
      "/Users/edilene/1611/module_3/projects/api-curious-github/config/initializers/application_controller_renderer.rb": [
        null,
        null,
        null,
        null,
        null,
        null
      ],
      "/Users/edilene/1611/module_3/projects/api-curious-github/config/initializers/assets.rb": [
        null,
        null,
        null,
        1,
        null,
        null,
        null,
        null,
        null,
        null,
        null
      ],
      "/Users/edilene/1611/module_3/projects/api-curious-github/config/initializers/backtrace_silencers.rb": [
        null,
        null,
        null,
        null,
        null,
        null,
        null
      ],
      "/Users/edilene/1611/module_3/projects/api-curious-github/config/initializers/cookies_serializer.rb": [
        null,
        null,
        null,
        null,
        1
      ],
      "/Users/edilene/1611/module_3/projects/api-curious-github/config/initializers/figaro.rb": [
        1
      ],
      "/Users/edilene/1611/module_3/projects/api-curious-github/config/initializers/filter_parameter_logging.rb": [
        null,
        null,
        null,
        1
      ],
      "/Users/edilene/1611/module_3/projects/api-curious-github/config/initializers/inflections.rb": [
        null,
        null,
        null,
        null,
        null,
        null,
        null,
        null,
        null,
        null,
        null,
        null,
        null,
        null,
        null,
        null
      ],
      "/Users/edilene/1611/module_3/projects/api-curious-github/config/initializers/mime_types.rb": [
        null,
        null,
        null,
        null
      ],
      "/Users/edilene/1611/module_3/projects/api-curious-github/config/initializers/new_framework_defaults.rb": [
        null,
        null,
        null,
        null,
        null,
        null,
        null,
        1,
        null,
        null,
        1,
        null,
        null,
        null,
        1,
        null,
        null,
        1,
        null,
        null,
        1,
        null,
        null,
        1
      ],
      "/Users/edilene/1611/module_3/projects/api-curious-github/config/initializers/session_store.rb": [
        null,
        null,
        1
      ],
      "/Users/edilene/1611/module_3/projects/api-curious-github/config/initializers/wrap_parameters.rb": [
        null,
        null,
        null,
        null,
        null,
        null,
        1,
        2,
        null,
        null,
        null,
        null,
        null,
        null
      ],
      "/Users/edilene/1611/module_3/projects/api-curious-github/config/routes.rb": [
        1,
        1,
        1,
        1,
        null,
        1,
        1,
        1,
        1,
        1,
        1,
        1,
        1,
        null,
        null
      ],
      "/Users/edilene/1611/module_3/projects/api-curious-github/app/helpers/application_helper.rb": [
        1,
        null
      ],
      "/Users/edilene/1611/module_3/projects/api-curious-github/spec/features/events_spec.rb": [
        1,
        null,
        1,
        1,
        1,
        1,
        null,
        1,
        null,
        null,
        1,
        1,
        null,
        1,
        null,
        0,
        0,
        null,
        null,
        null
      ],
      "/Users/edilene/1611/module_3/projects/api-curious-github/spec/features/follower_index_spec.rb": [
        1,
        null,
        1,
        1,
        1,
        1,
        null,
        1,
        null,
        null,
        1,
        1,
        null,
        1,
        null,
        0,
        0,
        0,
        0,
        0,
        null,
        null,
        null
      ],
      "/Users/edilene/1611/module_3/projects/api-curious-github/spec/features/following_index_spec.rb": [
        1,
        null,
        1,
        1,
        1,
        1,
        null,
        1,
        null,
        null,
        1,
        1,
        null,
        1,
        null,
        0,
        0,
        0,
        null,
        null,
        null
      ],
      "/Users/edilene/1611/module_3/projects/api-curious-github/spec/features/home_dashboard_spec.rb": [
        1,
        null,
        1,
        1,
        1,
        null,
        1,
        null,
        null,
        1,
        1,
        null,
        1,
        null,
        0,
        null,
        0,
        0,
        0,
        0,
        0,
        0,
        0,
        0,
        0,
        null,
        null,
        null
      ],
      "/Users/edilene/1611/module_3/projects/api-curious-github/spec/features/organization_spec.rb": [
        1,
        null,
        1,
        1,
        1,
        1,
        null,
        1,
        null,
        null,
        1,
        1,
        null,
        1,
        null,
        0,
        null,
        null,
        null
      ],
      "/Users/edilene/1611/module_3/projects/api-curious-github/spec/features/other_events_spec.rb": [
        1,
        null,
        1,
        1,
        1,
        1,
        null,
        1,
        null,
        null,
        1,
        1,
        null,
        1,
        null,
        0,
        0,
        null,
        null,
        null
      ],
      "/Users/edilene/1611/module_3/projects/api-curious-github/spec/features/repos_index_spec.rb": [
        1,
        null,
        1,
        1,
        1,
        1,
        null,
        1,
        null,
        null,
        1,
        1,
        null,
        1,
        null,
        0,
        0,
        0,
        null,
        null,
        null
      ],
      "/Users/edilene/1611/module_3/projects/api-curious-github/spec/features/stars_index_spec.rb": [
        1,
        null,
        1,
        1,
        1,
        1,
        null,
        1,
        null,
        null,
        1,
        1,
        1,
        null,
        0,
        null,
        0,
        0,
        0,
        null,
        null,
        null
      ],
      "/Users/edilene/1611/module_3/projects/api-curious-github/spec/features/user_spec.rb": [
        1,
        null,
        1,
        1,
        1,
        1,
        null,
        1,
        null,
        null,
        1,
        1,
        null,
        1,
        null,
        0,
        0,
        0,
        null,
        null,
        null
      ],
      "/Users/edilene/1611/module_3/projects/api-curious-github/spec/models/event_spec.rb": [
        1,
        null,
        1,
        1,
        null,
        1,
        1,
        null,
        1,
        null,
        null,
        1,
        1,
        null,
        1,
        0,
        null,
        0,
        0,
        0,
        0,
        0,
        0,
        null,
        null,
        null
      ],
      "/Users/edilene/1611/module_3/projects/api-curious-github/app/models/event.rb": [
        1,
        1,
        1,
        1,
        30,
        30,
        30,
        30,
        30,
        null,
        null,
        1,
        null,
        30,
        3,
        null,
        null
      ],
      "/Users/edilene/1611/module_3/projects/api-curious-github/spec/models/user_spec.rb": [
        1,
        null,
        1,
        1,
        null,
        1,
        1,
        1,
        null,
        1,
        null,
        null,
        1,
        1,
        null,
        1,
        null,
        1,
        1,
        1,
        null,
        null,
        null
      ],
      "/Users/edilene/1611/module_3/projects/api-curious-github/app/models/user.rb": [
        1,
        null,
        1,
        1,
        1,
        1,
        1,
        1,
        null,
        1,
        null,
        null
      ],
      "/Users/edilene/1611/module_3/projects/api-curious-github/app/models/application_record.rb": [
        1,
        1,
        null
      ],
      "/Users/edilene/1611/module_3/projects/api-curious-github/spec/services/github_user_spec.rb": [
        1,
        null,
        1,
        1,
        null,
        1,
        8,
        null,
        8,
        null,
        8,
        null,
        null,
        null,
        1,
        1,
        1,
        null,
        1,
        null,
        0,
        0,
        0,
        0,
        null,
        null,
        null,
        null,
        1,
        1,
        1,
        null,
        1,
        0,
        null,
        0,
        0,
        null,
        null,
        null,
        null,
        1,
        1,
        1,
        null,
        1,
        null,
        0,
        0,
        null,
        null,
        null,
        null,
        1,
        1,
        1,
        null,
        1,
        null,
        0,
        0,
        null,
        null,
        null,
        null,
        1,
        1,
        1,
        null,
        1,
        null,
        0,
        0,
        null,
        null,
        null,
        null,
        1,
        1,
        1,
        null,
        1,
        null,
        0,
        null,
        null,
        null,
        null,
        1,
        1,
        1,
        null,
        1,
        0,
        null,
        0,
        0,
        null,
        null,
        null,
        null,
        1,
        1,
        1,
        null,
        1,
        0,
        null,
        0,
        0,
        0,
        null,
        null,
        null,
        null
      ],
      "/Users/edilene/1611/module_3/projects/api-curious-github/app/controllers/application_controller.rb": [
        1,
        1,
        null,
        1,
        null,
        1,
        0,
        null,
        null,
        1,
        10,
        0,
        null,
        null,
        null
      ],
      "/Users/edilene/1611/module_3/projects/api-curious-github/app/controllers/user/dashboard_controller.rb": [
        1,
        1,
        null,
        1,
        7,
        null,
        null
      ],
      "/Users/edilene/1611/module_3/projects/api-curious-github/app/models/github_user.rb": [
        1,
        1,
        1,
        18,
        18,
        null,
        null,
        1,
        12,
        null,
        null,
        1,
        1,
        null,
        null,
        1,
        2,
        null,
        null,
        1,
        2,
        null,
        null,
        1,
        2,
        null,
        null,
        1,
        2,
        null,
        null,
        1,
        2,
        null,
        null,
        1,
        2,
        null,
        null,
        1,
        1,
        null,
        null,
        null
      ],
      "/Users/edilene/1611/module_3/projects/api-curious-github/app/services/github_service.rb": [
        1,
        1,
        null,
        1,
        63,
        63,
        null,
        null,
        1,
        57,
        57,
        57,
        null,
        null,
        null,
        1,
        12,
        null,
        null,
        1,
        1,
        null,
        null,
        1,
        2,
        null,
        null,
        1,
        2,
        null,
        null,
        1,
        3,
        null,
        null,
        1,
        2,
        null,
        null,
        1,
        3,
        null,
        null,
        1,
        2,
        null,
        null,
        1,
        30,
        null,
        null,
        1,
        null,
        1,
        39,
        null,
        null
      ],
      "/Users/edilene/1611/module_3/projects/api-curious-github/app/models/organization.rb": [
        1,
        1,
        1,
        1,
        1,
        null,
        null,
        1,
        2,
        1,
        null,
        null,
        null
      ],
      "/Users/edilene/1611/module_3/projects/api-curious-github/app/models/commit.rb": [
        1,
        1,
        1,
        464,
        464,
        464,
        464,
        null,
        null,
        1,
        1,
        1,
        1,
        30,
        30,
        464,
        null,
        30,
        null,
        1,
        null,
        null,
        null
      ],
      "/Users/edilene/1611/module_3/projects/api-curious-github/app/models/repo.rb": [
        1,
        1,
        1,
        0,
        0,
        0,
        0,
        null,
        null,
        1,
        2,
        0,
        null,
        null,
        null,
        1,
        1,
        30,
        null,
        null,
        null
      ],
      "/Users/edilene/1611/module_3/projects/api-curious-github/app/models/others_event.rb": [
        1,
        1,
        1,
        30,
        30,
        30,
        30,
        30,
        null,
        null,
        1,
        2,
        30,
        null,
        null,
        null
      ],
      "/Users/edilene/1611/module_3/projects/api-curious-github/app/controllers/user/followers_controller.rb": [
        1,
        1,
        1,
        1,
        null,
        null
      ],
      "/Users/edilene/1611/module_3/projects/api-curious-github/app/models/follower.rb": [
        1,
        1,
        1,
        0,
        0,
        0,
        null,
        null,
        1,
        2,
        0,
        null,
        null,
        null
      ],
      "/Users/edilene/1611/module_3/projects/api-curious-github/app/controllers/user/following_controller.rb": [
        1,
        1,
        1,
        1,
        null,
        null
      ],
      "/Users/edilene/1611/module_3/projects/api-curious-github/app/models/following.rb": [
        1,
        1,
        1,
        0,
        0,
        0,
        null,
        null,
        1,
        2,
        0,
        null,
        null,
        null
      ],
      "/Users/edilene/1611/module_3/projects/api-curious-github/app/controllers/user/repos_controller.rb": [
        1,
        1,
        1,
        1,
        null,
        null
      ],
      "/Users/edilene/1611/module_3/projects/api-curious-github/app/models/star.rb": [
        1,
        1,
        1,
        0,
        0,
        0,
        0,
        0,
        null,
        null,
        1,
        1,
        0,
        null,
        null,
        null
      ]
    },
    "timestamp": 1502406439
  }
}
